# JRE version: OpenJDK Runtime Environment Temurin-23.0.2+7 (23.0.2+7) (build 23.0.2+7)
# Java VM: OpenJDK 64-Bit Server VM Temurin-23.0.2+7 (23.0.2+7, mixed mode, emulated-client, sharing, tiered, compressed oops, compressed class ptrs, g1 gc, windows-amd64)
GC Precious Log:
 CardTable entry size: 512
 Card Set container configuration: InlinePtr #cards 5 size 8 Array Of Cards #cards 10 size 36 Howl #buckets 4 coarsen threshold 1843 Howl Bitmap #cards 512 size 80 coarsen threshold 460 Card regions per heap region 1 cards per card region 2048
 CPUs: 8 total, 8 available
 Memory: 16204M
 Large Page Support: Disabled
 NUMA Support: Disabled
 Compressed Oops: Enabled (32-bit)
 Heap Region Size: 1M
 Heap Min Capacity: 8M
 Heap Initial Capacity: 254M
 Heap Max Capacity: 1G
 Pre-touch: Disabled
 Parallel Workers: 8
 Concurrent Workers: 2
 Concurrent Refinement Workers: 8
 Periodic GC: Disabled
Heap:
 garbage-first heap   total reserved 1048576K, committed 178176K, used 56051K [0x00000000c0000000, 0x0000000100000000)
  region size 1024K, 1 young (1024K), 0 survivors (0K)
 Metaspace       used 70737K, committed 71808K, reserved 1114112K
  class space    used 9287K, committed 9728K, reserved 1048576K
GC Heap History (20 events):
Event: 12234.733 GC heap after
{Heap after GC invocations=825 (full 645):
 garbage-first heap   total reserved 1048576K, committed 178176K, used 52361K [0x00000000c0000000, 0x0000000100000000)
  region size 1024K, 0 young (0K), 0 survivors (0K)
 Metaspace       used 70737K, committed 71808K, reserved 1114112K
  class space    used 9287K, committed 9728K, reserved 1048576K
}
Event: 12244.856 GC heap before
{Heap before GC invocations=825 (full 645):
 garbage-first heap   total reserved 1048576K, committed 178176K, used 52361K [0x00000000c0000000, 0x0000000100000000)
  region size 1024K, 1 young (1024K), 0 survivors (0K)
 Metaspace       used 70737K, committed 71808K, reserved 1114112K
  class space    used 9287K, committed 9728K, reserved 1048576K
}
Event: 12244.876 GC heap after
{Heap after GC invocations=826 (full 646):
 garbage-first heap   total reserved 1048576K, committed 178176K, used 52361K [0x00000000c0000000, 0x0000000100000000)
  region size 1024K, 0 young (0K), 0 survivors (0K)
 Metaspace       used 70737K, committed 71808K, reserved 1114112K
  class space    used 9287K, committed 9728K, reserved 1048576K
}
Event: 12252.001 GC heap before
{Heap before GC invocations=826 (full 646):
 garbage-first heap   total reserved 1048576K, committed 178176K, used 52361K [0x00000000c0000000, 0x0000000100000000)
  region size 1024K, 1 young (1024K), 0 survivors (0K)
 Metaspace       used 70745K, committed 71808K, reserved 1114112K
  class space    used 9289K, committed 9728K, reserved 1048576K
}
Event: 12252.002 GC heap after
{Heap after GC invocations=827 (full 646):
 garbage-first heap   total reserved 1048576K, committed 178176K, used 52489K [0x00000000c0000000, 0x0000000100000000)
  region size 1024K, 1 young (1024K), 1 survivors (1024K)
 Metaspace       used 70745K, committed 71808K, reserved 1114112K
  class space    used 9289K, committed 9728K, reserved 1048576K
}
Event: 12325.013 GC heap before
{Heap before GC invocations=828 (full 646):
 garbage-first heap   total reserved 1048576K, committed 178176K, used 131337K [0x00000000c0000000, 0x0000000100000000)
  region size 1024K, 79 young (80896K), 1 survivors (1024K)
 Metaspace       used 70902K, committed 71936K, reserved 1114112K
  class space    used 9332K, committed 9792K, reserved 1048576K
}
Event: 12325.050 GC heap after
{Heap after GC invocations=829 (full 647):
 garbage-first heap   total reserved 1048576K, committed 178176K, used 56856K [0x00000000c0000000, 0x0000000100000000)
  region size 1024K, 0 young (0K), 0 survivors (0K)
 Metaspace       used 70834K, committed 71936K, reserved 1114112K
  class space    used 9313K, committed 9792K, reserved 1048576K
}
Event: 12335.171 GC heap before
{Heap before GC invocations=829 (full 647):
 garbage-first heap   total reserved 1048576K, committed 178176K, used 56856K [0x00000000c0000000, 0x0000000100000000)
  region size 1024K, 1 young (1024K), 0 survivors (0K)
 Metaspace       used 70834K, committed 71936K, reserved 1114112K
  class space    used 9313K, committed 9792K, reserved 1048576K
}
Event: 12335.197 GC heap after
{Heap after GC invocations=830 (full 648):
 garbage-first heap   total reserved 1048576K, committed 178176K, used 56810K [0x00000000c0000000, 0x0000000100000000)
  region size 1024K, 0 young (0K), 0 survivors (0K)
 Metaspace       used 70834K, committed 71936K, reserved 1114112K
  class space    used 9313K, committed 9792K, reserved 1048576K
}
Event: 12345.310 GC heap before
{Heap before GC invocations=830 (full 648):
 garbage-first heap   total reserved 1048576K, committed 178176K, used 56810K [0x00000000c0000000, 0x0000000100000000)
  region size 1024K, 1 young (1024K), 0 survivors (0K)
 Metaspace       used 70834K, committed 71936K, reserved 1114112K
  class space    used 9313K, committed 9792K, reserved 1048576K
}
Event: 12345.340 GC heap after
{Heap after GC invocations=831 (full 649):
 garbage-first heap   total reserved 1048576K, committed 178176K, used 56811K [0x00000000c0000000, 0x0000000100000000)
  region size 1024K, 0 young (0K), 0 survivors (0K)
 Metaspace       used 70834K, committed 71936K, reserved 1114112K
  class space    used 9313K, committed 9792K, reserved 1048576K
}
Event: 12355.494 GC heap before
{Heap before GC invocations=831 (full 649):
 garbage-first heap   total reserved 1048576K, committed 178176K, used 56811K [0x00000000c0000000, 0x0000000100000000)
  region size 1024K, 1 young (1024K), 0 survivors (0K)
 Metaspace       used 70834K, committed 71936K, reserved 1114112K
  class space    used 9313K, committed 9792K, reserved 1048576K
}
Event: 12355.525 GC heap after
{Heap after GC invocations=832 (full 650):
 garbage-first heap   total reserved 1048576K, committed 178176K, used 56811K [0x00000000c0000000, 0x0000000100000000)
  region size 1024K, 0 young (0K), 0 survivors (0K)
 Metaspace       used 70834K, committed 71936K, reserved 1114112K
  class space    used 9313K, committed 9792K, reserved 1048576K
}
Event: 12365.852 GC heap before
{Heap before GC invocations=832 (full 650):
 garbage-first heap   total reserved 1048576K, committed 178176K, used 56811K [0x00000000c0000000, 0x0000000100000000)
  region size 1024K, 1 young (1024K), 0 survivors (0K)
 Metaspace       used 70834K, committed 71936K, reserved 1114112K
  class space    used 9313K, committed 9792K, reserved 1048576K
}
Event: 12365.882 GC heap after
{Heap after GC invocations=833 (full 651):
 garbage-first heap   total reserved 1048576K, committed 178176K, used 56811K [0x00000000c0000000, 0x0000000100000000)
  region size 1024K, 0 young (0K), 0 survivors (0K)
 Metaspace       used 70834K, committed 71936K, reserved 1114112K
  class space    used 9313K, committed 9792K, reserved 1048576K
}
Event: 12375.982 GC heap before
{Heap before GC invocations=833 (full 651):
 garbage-first heap   total reserved 1048576K, committed 178176K, used 56811K [0x00000000c0000000, 0x0000000100000000)
  region size 1024K, 1 young (1024K), 0 survivors (0K)
 Metaspace       used 70834K, committed 71936K, reserved 1114112K
  class space    used 9313K, committed 9792K, reserved 1048576K
}
Event: 12376.011 GC heap after
{Heap after GC invocations=834 (full 652):
 garbage-first heap   total reserved 1048576K, committed 178176K, used 56811K [0x00000000c0000000, 0x0000000100000000)
  region size 1024K, 0 young (0K), 0 survivors (0K)
 Metaspace       used 70831K, committed 71936K, reserved 1114112K
  class space    used 9312K, committed 9792K, reserved 1048576K
}
Event: 12386.114 GC heap before
{Heap before GC invocations=834 (full 652):
 garbage-first heap   total reserved 1048576K, committed 178176K, used 56811K [0x00000000c0000000, 0x0000000100000000)
  region size 1024K, 1 young (1024K), 0 survivors (0K)
 Metaspace       used 70831K, committed 71936K, reserved 1114112K
  class space    used 9312K, committed 9792K, reserved 1048576K
}
Event: 12386.157 GC heap after
{Heap after GC invocations=835 (full 653):
 garbage-first heap   total reserved 1048576K, committed 178176K, used 56051K [0x00000000c0000000, 0x0000000100000000)
  region size 1024K, 0 young (0K), 0 survivors (0K)
 Metaspace       used 70737K, committed 71808K, reserved 1114112K
  class space    used 9287K, committed 9728K, reserved 1048576K
}
Event: 12396.285 GC heap before
{Heap before GC invocations=835 (full 653):
 garbage-first heap   total reserved 1048576K, committed 178176K, used 56051K [0x00000000c0000000, 0x0000000100000000)
  region size 1024K, 1 young (1024K), 0 survivors (0K)
 Metaspace       used 70737K, committed 71808K, reserved 1114112K
  class space    used 9287K, committed 9728K, reserved 1048576K
}

